hadd Target file: TTJets_Madgraph_PU20bx25/ntuple_merged_001.root
hadd Source file 1: /gpfs_phys/storm/cms/user/ejclemen//TTJets_MSDecaysCKM_central_Tune4C_13TeV-madgraph-tauola/TTJets_Madgraph_PU20bx25/150506_121339//0000/ntuple_1.root
hadd Source file 2: /gpfs_phys/storm/cms/user/ejclemen//TTJets_MSDecaysCKM_central_Tune4C_13TeV-madgraph-tauola/TTJets_Madgraph_PU20bx25/150506_121339//0000/ntuple_10.root
hadd Source file 3: /gpfs_phys/storm/cms/user/ejclemen//TTJets_MSDecaysCKM_central_Tune4C_13TeV-madgraph-tauola/TTJets_Madgraph_PU20bx25/150506_121339//0000/ntuple_11.root
hadd Source file 4: /gpfs_phys/storm/cms/user/ejclemen//TTJets_MSDecaysCKM_central_Tune4C_13TeV-madgraph-tauola/TTJets_Madgraph_PU20bx25/150506_121339//0000/ntuple_12.root
hadd Source file 5: /gpfs_phys/storm/cms/user/ejclemen//TTJets_MSDecaysCKM_central_Tune4C_13TeV-madgraph-tauola/TTJets_Madgraph_PU20bx25/150506_121339//0000/ntuple_13.root
hadd Source file 6: /gpfs_phys/storm/cms/user/ejclemen//TTJets_MSDecaysCKM_central_Tune4C_13TeV-madgraph-tauola/TTJets_Madgraph_PU20bx25/150506_121339//0000/ntuple_14.root
hadd Sources and Target have different compression levels
hadd merging will be slower
hadd Target path: TTJets_Madgraph_PU20bx25/ntuple_merged_001.root:/
hadd Target path: TTJets_Madgraph_PU20bx25/ntuple_merged_001.root:/topPairEPlusJetsSelectionAnalyser
hadd Target path: TTJets_Madgraph_PU20bx25/ntuple_merged_001.root:/topPairMuPlusJetsSelectionAnalyser
hadd Target path: TTJets_Madgraph_PU20bx25/ntuple_merged_001.root:/topPairMuPlusJetsQCDSelectionAnalyser
hadd Target path: TTJets_Madgraph_PU20bx25/ntuple_merged_001.root:/topPairEPlusJetsQCDSelectionAnalyser
hadd Target path: TTJets_Madgraph_PU20bx25/ntuple_merged_001.root:/topPairEPlusJetsConversionSelectionAnalyser
hadd Target path: TTJets_Madgraph_PU20bx25/ntuple_merged_001.root:/nTupleTree
hadd Target file: TTJets_Madgraph_PU20bx25/ntuple_merged_002.root
hadd Source file 1: /gpfs_phys/storm/cms/user/ejclemen//TTJets_MSDecaysCKM_central_Tune4C_13TeV-madgraph-tauola/TTJets_Madgraph_PU20bx25/150506_121339//0000/ntuple_15.root
hadd Source file 2: /gpfs_phys/storm/cms/user/ejclemen//TTJets_MSDecaysCKM_central_Tune4C_13TeV-madgraph-tauola/TTJets_Madgraph_PU20bx25/150506_121339//0000/ntuple_16.root
hadd Source file 3: /gpfs_phys/storm/cms/user/ejclemen//TTJets_MSDecaysCKM_central_Tune4C_13TeV-madgraph-tauola/TTJets_Madgraph_PU20bx25/150506_121339//0000/ntuple_17.root
hadd Source file 4: /gpfs_phys/storm/cms/user/ejclemen//TTJets_MSDecaysCKM_central_Tune4C_13TeV-madgraph-tauola/TTJets_Madgraph_PU20bx25/150506_121339//0000/ntuple_18.root
hadd Source file 5: /gpfs_phys/storm/cms/user/ejclemen//TTJets_MSDecaysCKM_central_Tune4C_13TeV-madgraph-tauola/TTJets_Madgraph_PU20bx25/150506_121339//0000/ntuple_19.root
hadd Source file 6: /gpfs_phys/storm/cms/user/ejclemen//TTJets_MSDecaysCKM_central_Tune4C_13TeV-madgraph-tauola/TTJets_Madgraph_PU20bx25/150506_121339//0000/ntuple_2.root
hadd Sources and Target have different compression levels
hadd merging will be slower
hadd Target path: TTJets_Madgraph_PU20bx25/ntuple_merged_002.root:/
hadd Target path: TTJets_Madgraph_PU20bx25/ntuple_merged_002.root:/topPairEPlusJetsSelectionAnalyser
hadd Target path: TTJets_Madgraph_PU20bx25/ntuple_merged_002.root:/topPairMuPlusJetsSelectionAnalyser
hadd Target path: TTJets_Madgraph_PU20bx25/ntuple_merged_002.root:/topPairMuPlusJetsQCDSelectionAnalyser
hadd Target path: TTJets_Madgraph_PU20bx25/ntuple_merged_002.root:/topPairEPlusJetsQCDSelectionAnalyser
hadd Target path: TTJets_Madgraph_PU20bx25/ntuple_merged_002.root:/topPairEPlusJetsConversionSelectionAnalyser
hadd Target path: TTJets_Madgraph_PU20bx25/ntuple_merged_002.root:/nTupleTree
[?1034hInput dir :  /gpfs_phys/storm/cms/user/ejclemen//TTJets_MSDecaysCKM_central_Tune4C_13TeV-madgraph-tauola/TTJets_Madgraph_PU20bx25/150506_121339//0000/
['ntuple_56.root', 'ntuple_12.root', 'ntuple_4.root', 'ntuple_14.root', 'ntuple_55.root', 'ntuple_49.root', 'ntuple_3.root', 'ntuple_53.root', 'ntuple_39.root', 'ntuple_29.root', 'ntuple_8.root', 'ntuple_2.root', 'ntuple_46.root', 'ntuple_31.root', 'ntuple_50.root', 'ntuple_33.root', 'ntuple_40.root', 'ntuple_27.root', 'ntuple_25.root', 'ntuple_13.root', 'ntuple_23.root', 'ntuple_45.root', 'ntuple_54.root', 'ntuple_41.root', 'ntuple_51.root', 'ntuple_37.root', 'ntuple_43.root', 'ntuple_38.root', 'ntuple_16.root', 'ntuple_42.root', 'ntuple_48.root', 'ntuple_36.root', 'ntuple_6.root', 'ntuple_7.root', 'ntuple_47.root', 'ntuple_9.root', 'ntuple_5.root', 'ntuple_52.root', 'ntuple_44.root', 'ntuple_1.root', 'ntuple_26.root', 'ntuple_11.root', 'ntuple_19.root', 'ntuple_28.root', 'ntuple_21.root', 'ntuple_30.root', 'ntuple_18.root', 'ntuple_15.root', 'ntuple_20.root', 'ntuple_24.root', 'ntuple_10.root', 'ntuple_34.root', 'ntuple_32.root', 'ntuple_17.root', 'ntuple_35.root', 'ntuple_22.root']
Total number of files: 56
Total number of unique files: 56
Target size of output file 5368709120.0
Number of merged files to be produced: 10
====================================================================================================
****************************************************************************************************
Executing:
hadd -f7 TTJets_Madgraph_PU20bx25/ntuple_merged_001.root /gpfs_phys/storm/cms/user/ejclemen//TTJets_MSDecaysCKM_central_Tune4C_13TeV-madgraph-tauola/TTJets_Madgraph_PU20bx25/150506_121339//0000/ntuple_1.root /gpfs_phys/storm/cms/user/ejclemen//TTJets_MSDecaysCKM_central_Tune4C_13TeV-madgraph-tauola/TTJets_Madgraph_PU20bx25/150506_121339//0000/ntuple_10.root /gpfs_phys/storm/cms/user/ejclemen//TTJets_MSDecaysCKM_central_Tune4C_13TeV-madgraph-tauola/TTJets_Madgraph_PU20bx25/150506_121339//0000/ntuple_11.root /gpfs_phys/storm/cms/user/ejclemen//TTJets_MSDecaysCKM_central_Tune4C_13TeV-madgraph-tauola/TTJets_Madgraph_PU20bx25/150506_121339//0000/ntuple_12.root /gpfs_phys/storm/cms/user/ejclemen//TTJets_MSDecaysCKM_central_Tune4C_13TeV-madgraph-tauola/TTJets_Madgraph_PU20bx25/150506_121339//0000/ntuple_13.root /gpfs_phys/storm/cms/user/ejclemen//TTJets_MSDecaysCKM_central_Tune4C_13TeV-madgraph-tauola/TTJets_Madgraph_PU20bx25/150506_121339//0000/ntuple_14.root 
****************************************************************************************************
====================================================================================================
====================================================================================================
****************************************************************************************************
Executing:
hadd -f7 TTJets_Madgraph_PU20bx25/ntuple_merged_002.root /gpfs_phys/storm/cms/user/ejclemen//TTJets_MSDecaysCKM_central_Tune4C_13TeV-madgraph-tauola/TTJets_Madgraph_PU20bx25/150506_121339//0000/ntuple_15.root /gpfs_phys/storm/cms/user/ejclemen//TTJets_MSDecaysCKM_central_Tune4C_13TeV-madgraph-tauola/TTJets_Madgraph_PU20bx25/150506_121339//0000/ntuple_16.root /gpfs_phys/storm/cms/user/ejclemen//TTJets_MSDecaysCKM_central_Tune4C_13TeV-madgraph-tauola/TTJets_Madgraph_PU20bx25/150506_121339//0000/ntuple_17.root /gpfs_phys/storm/cms/user/ejclemen//TTJets_MSDecaysCKM_central_Tune4C_13TeV-madgraph-tauola/TTJets_Madgraph_PU20bx25/150506_121339//0000/ntuple_18.root /gpfs_phys/storm/cms/user/ejclemen//TTJets_MSDecaysCKM_central_Tune4C_13TeV-madgraph-tauola/TTJets_Madgraph_PU20bx25/150506_121339//0000/ntuple_19.root /gpfs_phys/storm/cms/user/ejclemen//TTJets_MSDecaysCKM_central_Tune4C_13TeV-madgraph-tauola/TTJets_Madgraph_PU20bx25/150506_121339//0000/ntuple_2.root 
****************************************************************************************************
====================================================================================================
============================hadd Target file: TTJets_Madgraph_PU20bx25/ntuple_merged_003.root
hadd Source file 1: /gpfs_phys/storm/cms/user/ejclemen//TTJets_MSDecaysCKM_central_Tune4C_13TeV-madgraph-tauola/TTJets_Madgraph_PU20bx25/150506_121339//0000/ntuple_20.root
hadd Source file 2: /gpfs_phys/storm/cms/user/ejclemen//TTJets_MSDecaysCKM_central_Tune4C_13TeV-madgraph-tauola/TTJets_Madgraph_PU20bx25/150506_121339//0000/ntuple_21.root
hadd Source file 3: /gpfs_phys/storm/cms/user/ejclemen//TTJets_MSDecaysCKM_central_Tune4C_13TeV-madgraph-tauola/TTJets_Madgraph_PU20bx25/150506_121339//0000/ntuple_22.root
hadd Source file 4: /gpfs_phys/storm/cms/user/ejclemen//TTJets_MSDecaysCKM_central_Tune4C_13TeV-madgraph-tauola/TTJets_Madgraph_PU20bx25/150506_121339//0000/ntuple_23.root
hadd Source file 5: /gpfs_phys/storm/cms/user/ejclemen//TTJets_MSDecaysCKM_central_Tune4C_13TeV-madgraph-tauola/TTJets_Madgraph_PU20bx25/150506_121339//0000/ntuple_24.root
hadd Source file 6: /gpfs_phys/storm/cms/user/ejclemen//TTJets_MSDecaysCKM_central_Tune4C_13TeV-madgraph-tauola/TTJets_Madgraph_PU20bx25/150506_121339//0000/ntuple_25.root
hadd Sources and Target have different compression levels
hadd merging will be slower
hadd Target path: TTJets_Madgraph_PU20bx25/ntuple_merged_003.root:/
hadd Target path: TTJets_Madgraph_PU20bx25/ntuple_merged_003.root:/topPairEPlusJetsSelectionAnalyser
hadd Target path: TTJets_Madgraph_PU20bx25/ntuple_merged_003.root:/topPairMuPlusJetsSelectionAnalyser
hadd Target path: TTJets_Madgraph_PU20bx25/ntuple_merged_003.root:/topPairMuPlusJetsQCDSelectionAnalyser
hadd Target path: TTJets_Madgraph_PU20bx25/ntuple_merged_003.root:/topPairEPlusJetsQCDSelectionAnalyser
hadd Target path: TTJets_Madgraph_PU20bx25/ntuple_merged_003.root:/topPairEPlusJetsConversionSelectionAnalyser
hadd Target path: TTJets_Madgraph_PU20bx25/ntuple_merged_003.root:/nTupleTree
hadd Target file: TTJets_Madgraph_PU20bx25/ntuple_merged_004.root
hadd Source file 1: /gpfs_phys/storm/cms/user/ejclemen//TTJets_MSDecaysCKM_central_Tune4C_13TeV-madgraph-tauola/TTJets_Madgraph_PU20bx25/150506_121339//0000/ntuple_26.root
hadd Source file 2: /gpfs_phys/storm/cms/user/ejclemen//TTJets_MSDecaysCKM_central_Tune4C_13TeV-madgraph-tauola/TTJets_Madgraph_PU20bx25/150506_121339//0000/ntuple_27.root
hadd Source file 3: /gpfs_phys/storm/cms/user/ejclemen//TTJets_MSDecaysCKM_central_Tune4C_13TeV-madgraph-tauola/TTJets_Madgraph_PU20bx25/150506_121339//0000/ntuple_28.root
hadd Source file 4: /gpfs_phys/storm/cms/user/ejclemen//TTJets_MSDecaysCKM_central_Tune4C_13TeV-madgraph-tauola/TTJets_Madgraph_PU20bx25/150506_121339//0000/ntuple_29.root
hadd Source file 5: /gpfs_phys/storm/cms/user/ejclemen//TTJets_MSDecaysCKM_central_Tune4C_13TeV-madgraph-tauola/TTJets_Madgraph_PU20bx25/150506_121339//0000/ntuple_3.root
hadd Source file 6: /gpfs_phys/storm/cms/user/ejclemen//TTJets_MSDecaysCKM_central_Tune4C_13TeV-madgraph-tauola/TTJets_Madgraph_PU20bx25/150506_121339//0000/ntuple_30.root
hadd Sources and Target have different compression levels
hadd merging will be slower
hadd Target path: TTJets_Madgraph_PU20bx25/ntuple_merged_004.root:/
hadd Target path: TTJets_Madgraph_PU20bx25/ntuple_merged_004.root:/topPairEPlusJetsSelectionAnalyser
hadd Target path: TTJets_Madgraph_PU20bx25/ntuple_merged_004.root:/topPairMuPlusJetsSelectionAnalyser
hadd Target path: TTJets_Madgraph_PU20bx25/ntuple_merged_004.root:/topPairMuPlusJetsQCDSelectionAnalyser
hadd Target path: TTJets_Madgraph_PU20bx25/ntuple_merged_004.root:/topPairEPlusJetsQCDSelectionAnalyser
hadd Target path: TTJets_Madgraph_PU20bx25/ntuple_merged_004.root:/topPairEPlusJetsConversionSelectionAnalyser
hadd Target path: TTJets_Madgraph_PU20bx25/ntuple_merged_004.root:/nTupleTree
========================================================================
****************************************************************************************************
Executing:
hadd -f7 TTJets_Madgraph_PU20bx25/ntuple_merged_003.root /gpfs_phys/storm/cms/user/ejclemen//TTJets_MSDecaysCKM_central_Tune4C_13TeV-madgraph-tauola/TTJets_Madgraph_PU20bx25/150506_121339//0000/ntuple_20.root /gpfs_phys/storm/cms/user/ejclemen//TTJets_MSDecaysCKM_central_Tune4C_13TeV-madgraph-tauola/TTJets_Madgraph_PU20bx25/150506_121339//0000/ntuple_21.root /gpfs_phys/storm/cms/user/ejclemen//TTJets_MSDecaysCKM_central_Tune4C_13TeV-madgraph-tauola/TTJets_Madgraph_PU20bx25/150506_121339//0000/ntuple_22.root /gpfs_phys/storm/cms/user/ejclemen//TTJets_MSDecaysCKM_central_Tune4C_13TeV-madgraph-tauola/TTJets_Madgraph_PU20bx25/150506_121339//0000/ntuple_23.root /gpfs_phys/storm/cms/user/ejclemen//TTJets_MSDecaysCKM_central_Tune4C_13TeV-madgraph-tauola/TTJets_Madgraph_PU20bx25/150506_121339//0000/ntuple_24.root /gpfs_phys/storm/cms/user/ejclemen//TTJets_MSDecaysCKM_central_Tune4C_13TeV-madgraph-tauola/TTJets_Madgraph_PU20bx25/150506_121339//0000/ntuple_25.root 
****************************************************************************************************
====================================================================================================
====================================================================================================
****************************************************************************************************
Executing:
hadd -f7 TTJets_Madgraph_PU20bx25/ntuple_merged_004.root /gpfs_phys/storm/cms/user/ejclemen//TTJets_MSDecaysCKM_central_Tune4C_13TeV-madgraph-tauola/TTJets_Madgraph_PU20bx25/150506_121339//0000/ntuple_26.root /gpfs_phys/storm/cms/user/ejclemen//TTJets_MSDecaysCKM_central_Tune4C_13TeV-madgraph-tauola/TTJets_Madgraph_PU20bx25/150506_121339//0000/ntuple_27.root /gpfs_phys/storm/cms/user/ejclemen//TTJets_MSDecaysCKM_central_Tune4C_13TeV-madgraph-tauola/TTJets_Madgraph_PU20bx25/150506_121339//0000/ntuple_28.root /gpfs_phys/storm/cms/user/ejclemen//TTJets_MSDecaysCKM_central_Tune4C_13TeV-madgraph-tauola/TTJets_Madgraph_PU20bx25/150506_121339//0000/ntuple_29.root /gpfs_phys/storm/cms/user/ejclemen//TTJets_MSDecaysCKM_central_Tune4C_13TeV-madgraph-tauola/TTJets_Madgraph_PU20bx25/150506_121339//0000/ntuple_3.root /gpfs_phys/storm/cms/user/ejclemen//TTJets_MSDecaysCKM_central_Tune4C_13TeV-madgraph-tauola/TTJets_Madgraph_PU20bx25/150506_121339//0000/ntuple_30.root 
****************************************************************************************************
====================================================================================================
====================================================================================================
****************************************************************************************************
Executing:
hadd -f7 TTJets_Madgraph_PU20bx25/ntuple_merged_005.root /gpfs_phys/storm/cms/user/ejclemen//TTJets_MSDecaysCKM_central_Tune4C_13TeV-madgraph-tauola/TTJets_Madgraph_PU20bx25/150506_121339//0000/ntuple_31.root /gpfs_phys/storm/cms/user/ejclemen//TTJets_MSDecaysCKM_central_Tune4C_13TeV-madgraph-tauola/TTJets_Madgraph_PU20bx25/150506_121339//0000/ntuple_32.root /gpfs_phys/storm/cms/user/ejclemen//TTJets_MSDecaysCKM_central_Tune4C_13TeV-madgraph-tauola/TTJets_Madgraph_PU20bx25/150506_121339//0000/ntuple_33.root /gpfs_phys/storm/cms/user/ejclemen//TTJets_MSDecaysCKM_central_Tune4C_13TeV-madgraph-tauola/TTJets_Madgraph_PU20bx25/150506_121339//0000/ntuple_34.root /gpfs_phys/storm/cms/user/ejclemen//TTJets_MSDecaysCKM_central_Tune4C_13TeV-madgraph-tauola/TTJets_Madgraph_PU20bx25/150506_121339//0000/ntuple_35.root /gpfs_phys/storm/cms/user/ejclemen//TTJets_MSDecaysCKM_central_Tune4C_13TeV-madgraph-tauola/TTJets_Madgraph_PU20bx25/150506_121339//0000/ntuple_36.root 
****************************************************************************************************
=======================================================================hadd Target file: TTJets_Madgraph_PU20bx25/ntuple_merged_005.root
hadd Source file 1: /gpfs_phys/storm/cms/user/ejclemen//TTJets_MSDecaysCKM_central_Tune4C_13TeV-madgraph-tauola/TTJets_Madgraph_PU20bx25/150506_121339//0000/ntuple_31.root
hadd Source file 2: /gpfs_phys/storm/cms/user/ejclemen//TTJets_MSDecaysCKM_central_Tune4C_13TeV-madgraph-tauola/TTJets_Madgraph_PU20bx25/150506_121339//0000/ntuple_32.root
hadd Source file 3: /gpfs_phys/storm/cms/user/ejclemen//TTJets_MSDecaysCKM_central_Tune4C_13TeV-madgraph-tauola/TTJets_Madgraph_PU20bx25/150506_121339//0000/ntuple_33.root
hadd Source file 4: /gpfs_phys/storm/cms/user/ejclemen//TTJets_MSDecaysCKM_central_Tune4C_13TeV-madgraph-tauola/TTJets_Madgraph_PU20bx25/150506_121339//0000/ntuple_34.root
hadd Source file 5: /gpfs_phys/storm/cms/user/ejclemen//TTJets_MSDecaysCKM_central_Tune4C_13TeV-madgraph-tauola/TTJets_Madgraph_PU20bx25/150506_121339//0000/ntuple_35.root
hadd Source file 6: /gpfs_phys/storm/cms/user/ejclemen//TTJets_MSDecaysCKM_central_Tune4C_13TeV-madgraph-tauola/TTJets_Madgraph_PU20bx25/150506_121339//0000/ntuple_36.root
hadd Sources and Target have different compression levels
hadd merging will be slower
hadd Target path: TTJets_Madgraph_PU20bx25/ntuple_merged_005.root:/
hadd Target path: TTJets_Madgraph_PU20bx25/ntuple_merged_005.root:/topPairEPlusJetsSelectionAnalyser
hadd Target path: TTJets_Madgraph_PU20bx25/ntuple_merged_005.root:/topPairMuPlusJetsSelectionAnalyser
hadd Target path: TTJets_Madgraph_PU20bx25/ntuple_merged_005.root:/topPairMuPlusJetsQCDSelectionAnalyser
hadd Target path: TTJets_Madgraph_PU20bx25/ntuple_merged_005.root:/topPairEPlusJetsQCDSelectionAnalyser
hadd Target path: TTJets_Madgraph_PU20bx25/ntuple_merged_005.root:/topPairEPlusJetsConversionSelectionAnalyser
hadd Target path: TTJets_Madgraph_PU20bx25/ntuple_merged_005.root:/nTupleTree
hadd Target file: TTJets_Madgraph_PU20bx25/ntuple_merged_006.root
hadd Source file 1: /gpfs_phys/storm/cms/user/ejclemen//TTJets_MSDecaysCKM_central_Tune4C_13TeV-madgraph-tauola/TTJets_Madgraph_PU20bx25/150506_121339//0000/ntuple_37.root
hadd Source file 2: /gpfs_phys/storm/cms/user/ejclemen//TTJets_MSDecaysCKM_central_Tune4C_13TeV-madgraph-tauola/TTJets_Madgraph_PU20bx25/150506_121339//0000/ntuple_38.root
hadd Source file 3: /gpfs_phys/storm/cms/user/ejclemen//TTJets_MSDecaysCKM_central_Tune4C_13TeV-madgraph-tauola/TTJets_Madgraph_PU20bx25/150506_121339//0000/ntuple_39.root
hadd Source file 4: /gpfs_phys/storm/cms/user/ejclemen//TTJets_MSDecaysCKM_central_Tune4C_13TeV-madgraph-tauola/TTJets_Madgraph_PU20bx25/150506_121339//0000/ntuple_4.root
hadd Source file 5: /gpfs_phys/storm/cms/user/ejclemen//TTJets_MSDecaysCKM_central_Tune4C_13TeV-madgraph-tauola/TTJets_Madgraph_PU20bx25/150506_121339//0000/ntuple_40.root
hadd Source file 6: /gpfs_phys/storm/cms/user/ejclemen//TTJets_MSDecaysCKM_central_Tune4C_13TeV-madgraph-tauola/TTJets_Madgraph_PU20bx25/150506_121339//0000/ntuple_41.root
hadd Sources and Target have different compression levels
hadd merging will be slower
hadd Target path: TTJets_Madgraph_PU20bx25/ntuple_merged_006.root:/
hadd Target path: TTJets_Madgraph_PU20bx25/ntuple_merged_006.root:/topPairEPlusJetsSelectionAnalyser
hadd Target path: TTJets_Madgraph_PU20bx25/ntuple_merged_006.root:/topPairMuPlusJetsSelectionAnalyser
hadd Target path: TTJets_Madgraph_PU20bx25/ntuple_merged_006.root:/topPairMuPlusJetsQCDSelectionAnalyser
hadd Target path: TTJets_Madgraph_PU20bx25/ntuple_merged_006.root:/topPairEPlusJetsQCDSelectionAnalyser
hadd Target path: TTJets_Madgraph_PU20bx25/ntuple_merged_006.root:/topPairEPlusJetsConversionSelectionAnalyser
hadd Target path: TTJets_Madgraph_PU20bx25/ntuple_merged_006.root:/nTupleTree
hadd Target file: TTJets_Madgraph_PU20bx25/ntuple_merged_007.root
hadd Source file 1: /gpfs_phys/storm/cms/user/ejclemen//TTJets_MSDecaysCKM_central_Tune4C_13TeV-madgraph-tauola/TTJets_Madgraph_PU20bx25/150506_121339//0000/ntuple_42.root
hadd Source file 2: /gpfs_phys/storm/cms/user/ejclemen//TTJets_MSDecaysCKM_central_Tune4C_13TeV-madgraph-tauola/TTJets_Madgraph_PU20bx25/150506_121339//0000/ntuple_43.root
hadd Source file 3: /gpfs_phys/storm/cms/user/ejclemen//TTJets_MSDecaysCKM_central_Tune4C_13TeV-madgraph-tauola/TTJets_Madgraph_PU20bx25/150506_121339//0000/ntuple_44.root
hadd Source file 4: /gpfs_phys/storm/cms/user/ejclemen//TTJets_MSDecaysCKM_central_Tune4C_13TeV-madgraph-tauola/TTJets_Madgraph_PU20bx25/150506_121339//0000/ntuple_45.root
hadd Source file 5: /gpfs_phys/storm/cms/user/ejclemen//TTJets_MSDecaysCKM_central_Tune4C_13TeV-madgraph-tauola/TTJets_Madgraph_PU20bx25/150506_121339//0000/ntuple_46.root
hadd Source file 6: /gpfs_phys/storm/cms/user/ejclemen//TTJets_MSDecaysCKM_central_Tune4C_13TeV-madgraph-tauola/TTJets_Madgraph_PU20bx25/150506_121339//0000/ntuple_47.root
hadd Sources and Target have different compression levels
hadd merging will be slower
hadd Target path: TTJets_Madgraph_PU20bx25/ntuple_merged_007.root:/
hadd Target path: TTJets_Madgraph_PU20bx25/ntuple_merged_007.root:/topPairEPlusJetsSelectionAnalyser
hadd Target path: TTJets_Madgraph_PU20bx25/ntuple_merged_007.root:/topPairMuPlusJetsSelectionAnalyser
hadd Target path: TTJets_Madgraph_PU20bx25/ntuple_merged_007.root:/topPairMuPlusJetsQCDSelectionAnalyser
hadd Target path: TTJets_Madgraph_PU20bx25/ntuple_merged_007.root:/topPairEPlusJetsQCDSelectionAnalyser
hadd Target path: TTJets_Madgraph_PU20bx25/ntuple_merged_007.root:/topPairEPlusJetsConversionSelectionAnalyser
hadd Target path: TTJets_Madgraph_PU20bx25/ntuple_merged_007.root:/nTupleTree
=============================
====================================================================================================
****************************************************************************************************
Executing:
hadd -f7 TTJets_Madgraph_PU20bx25/ntuple_merged_006.root /gpfs_phys/storm/cms/user/ejclemen//TTJets_MSDecaysCKM_central_Tune4C_13TeV-madgraph-tauola/TTJets_Madgraph_PU20bx25/150506_121339//0000/ntuple_37.root /gpfs_phys/storm/cms/user/ejclemen//TTJets_MSDecaysCKM_central_Tune4C_13TeV-madgraph-tauola/TTJets_Madgraph_PU20bx25/150506_121339//0000/ntuple_38.root /gpfs_phys/storm/cms/user/ejclemen//TTJets_MSDecaysCKM_central_Tune4C_13TeV-madgraph-tauola/TTJets_Madgraph_PU20bx25/150506_121339//0000/ntuple_39.root /gpfs_phys/storm/cms/user/ejclemen//TTJets_MSDecaysCKM_central_Tune4C_13TeV-madgraph-tauola/TTJets_Madgraph_PU20bx25/150506_121339//0000/ntuple_4.root /gpfs_phys/storm/cms/user/ejclemen//TTJets_MSDecaysCKM_central_Tune4C_13TeV-madgraph-tauola/TTJets_Madgraph_PU20bx25/150506_121339//0000/ntuple_40.root /gpfs_phys/storm/cms/user/ejclemen//TTJets_MSDecaysCKM_central_Tune4C_13TeV-madgraph-tauola/TTJets_Madgraph_PU20bx25/150506_121339//0000/ntuple_41.root 
****************************************************************************************************
====================================================================================================
====================================================================================================
****************************************************************************************************
Executing:
hadd -f7 TTJets_Madgraph_PU20bx25/ntuple_merged_007.root /gpfs_phys/storm/cms/user/ejclemen//TTJets_MSDecaysCKM_central_Tune4C_13TeV-madgraph-tauola/TTJets_Madgraph_PU20bx25/150506_121339//0000/ntuple_42.root /gpfs_phys/storm/cms/user/ejclemen//TTJets_MSDecaysCKM_central_Tune4C_13TeV-madgraph-tauola/TTJets_Madgraph_PU20bx25/150506_121339//0000/ntuple_43.root /gpfs_phys/storm/cms/user/ejclemen//TTJets_MSDecaysCKM_central_Tune4C_13TeV-madgraph-tauola/TTJets_Madgraph_PU20bx25/150506_121339//0000/ntuple_44.root /gpfs_phys/storm/cms/user/ejclemen//TTJets_MSDecaysCKM_central_Tune4C_13TeV-madgraph-tauola/TTJets_Madgraph_PU20bx25/150506_121339//0000/ntuple_45.root /gpfs_phys/storm/cms/user/ejclemen//TTJets_MSDecaysCKM_central_Tune4C_13TeV-madgraph-tauola/TTJets_Madgraph_PU20bx25/150506_121339//0000/ntuple_46.root /gpfs_phys/storm/cms/user/ejclemen//TTJets_MSDecaysCKM_central_Tune4C_13TeV-madgraph-tauola/TTJets_Madgraph_PU20bx25/150506_121339//0000/ntuple_47.root 
****************************************************************************************************
====================================================================================================
====================================================================================================
****************************************************************************************************
Executing:
hadd -f7 TTJets_Madgraph_PU20bx25/ntuple_merged_008.root /gpfs_phys/storm/cms/user/ejclemen//TTJets_MSDecaysCKM_central_Tune4C_13TeV-madgraph-tauola/TTJets_Madgraph_PU20bx25/150506_121339//0000/ntuple_48.root /gpfs_phys/storm/cms/user/ejclemen//TTJets_MSDecaysCKM_central_Tune4C_13TeV-madgraph-tauola/TTJets_Madgraph_PU20bx25/150506_121339//0000/ntuple_49.root /gpfs_phys/storm/cms/user/ejclemen//TTJets_MSDecaysCKM_central_Tune4C_13TeV-madgraph-tauola/TTJets_Madgraph_PU20bx25/150506_121339//0000/ntuple_5.root /gpfs_phys/storm/cms/user/ejclemen//TTJets_MSDecaysCKM_central_Tune4C_13TeV-madgraph-tauola/TTJets_Madgraph_PU20bx25/150506_121339//0000/ntuple_50.root /gpfs_phys/storm/cms/user/ejclemen//TTJets_MSDecaysCKM_central_Tune4C_13TeV-madgraph-tauola/TTJets_Madgraph_PU20bx25/150506_121339//0000/ntuple_51.root /gpfs_phys/storm/cms/user/ejclemen//TTJets_MSDecaysCKM_central_Tune4C_13TeV-madgraph-tauola/TTJets_Madgraph_PU20bx25/150506_121339//0000/ntuple_52.root 
****************************************************************************************************
==============hadd Target file: TTJets_Madgraph_PU20bx25/ntuple_merged_008.root
hadd Source file 1: /gpfs_phys/storm/cms/user/ejclemen//TTJets_MSDecaysCKM_central_Tune4C_13TeV-madgraph-tauola/TTJets_Madgraph_PU20bx25/150506_121339//0000/ntuple_48.root
hadd Source file 2: /gpfs_phys/storm/cms/user/ejclemen//TTJets_MSDecaysCKM_central_Tune4C_13TeV-madgraph-tauola/TTJets_Madgraph_PU20bx25/150506_121339//0000/ntuple_49.root
hadd Source file 3: /gpfs_phys/storm/cms/user/ejclemen//TTJets_MSDecaysCKM_central_Tune4C_13TeV-madgraph-tauola/TTJets_Madgraph_PU20bx25/150506_121339//0000/ntuple_5.root
hadd Source file 4: /gpfs_phys/storm/cms/user/ejclemen//TTJets_MSDecaysCKM_central_Tune4C_13TeV-madgraph-tauola/TTJets_Madgraph_PU20bx25/150506_121339//0000/ntuple_50.root
hadd Source file 5: /gpfs_phys/storm/cms/user/ejclemen//TTJets_MSDecaysCKM_central_Tune4C_13TeV-madgraph-tauola/TTJets_Madgraph_PU20bx25/150506_121339//0000/ntuple_51.root
hadd Source file 6: /gpfs_phys/storm/cms/user/ejclemen//TTJets_MSDecaysCKM_central_Tune4C_13TeV-madgraph-tauola/TTJets_Madgraph_PU20bx25/150506_121339//0000/ntuple_52.root
hadd Sources and Target have different compression levels
hadd merging will be slower
hadd Target path: TTJets_Madgraph_PU20bx25/ntuple_merged_008.root:/
hadd Target path: TTJets_Madgraph_PU20bx25/ntuple_merged_008.root:/topPairEPlusJetsSelectionAnalyser
hadd Target path: TTJets_Madgraph_PU20bx25/ntuple_merged_008.root:/topPairMuPlusJetsSelectionAnalyser
hadd Target path: TTJets_Madgraph_PU20bx25/ntuple_merged_008.root:/topPairMuPlusJetsQCDSelectionAnalyser
hadd Target path: TTJets_Madgraph_PU20bx25/ntuple_merged_008.root:/topPairEPlusJetsQCDSelectionAnalyser
hadd Target path: TTJets_Madgraph_PU20bx25/ntuple_merged_008.root:/topPairEPlusJetsConversionSelectionAnalyser
hadd Target path: TTJets_Madgraph_PU20bx25/ntuple_merged_008.root:/nTupleTree
hadd Target file: TTJets_Madgraph_PU20bx25/ntuple_merged_009.root
hadd Source file 1: /gpfs_phys/storm/cms/user/ejclemen//TTJets_MSDecaysCKM_central_Tune4C_13TeV-madgraph-tauola/TTJets_Madgraph_PU20bx25/150506_121339//0000/ntuple_53.root
hadd Source file 2: /gpfs_phys/storm/cms/user/ejclemen//TTJets_MSDecaysCKM_central_Tune4C_13TeV-madgraph-tauola/TTJets_Madgraph_PU20bx25/150506_121339//0000/ntuple_54.root
hadd Source file 3: /gpfs_phys/storm/cms/user/ejclemen//TTJets_MSDecaysCKM_central_Tune4C_13TeV-madgraph-tauola/TTJets_Madgraph_PU20bx25/150506_121339//0000/ntuple_55.root
hadd Source file 4: /gpfs_phys/storm/cms/user/ejclemen//TTJets_MSDecaysCKM_central_Tune4C_13TeV-madgraph-tauola/TTJets_Madgraph_PU20bx25/150506_121339//0000/ntuple_56.root
hadd Source file 5: /gpfs_phys/storm/cms/user/ejclemen//TTJets_MSDecaysCKM_central_Tune4C_13TeV-madgraph-tauola/TTJets_Madgraph_PU20bx25/150506_121339//0000/ntuple_6.root
hadd Source file 6: /gpfs_phys/storm/cms/user/ejclemen//TTJets_MSDecaysCKM_central_Tune4C_13TeV-madgraph-tauola/TTJets_Madgraph_PU20bx25/150506_121339//0000/ntuple_7.root
hadd Source file 7: /gpfs_phys/storm/cms/user/ejclemen//TTJets_MSDecaysCKM_central_Tune4C_13TeV-madgraph-tauola/TTJets_Madgraph_PU20bx25/150506_121339//0000/ntuple_8.root
hadd Sources and Target have different compression levels
hadd merging will be slower
hadd Target path: TTJets_Madgraph_PU20bx25/ntuple_merged_009.root:/
hadd Target path: TTJets_Madgraph_PU20bx25/ntuple_merged_009.root:/topPairEPlusJetsSelectionAnalyser
hadd Target path: TTJets_Madgraph_PU20bx25/ntuple_merged_009.root:/topPairMuPlusJetsSelectionAnalyser
hadd Target path: TTJets_Madgraph_PU20bx25/ntuple_merged_009.root:/topPairMuPlusJetsQCDSelectionAnalyser
hadd Target path: TTJets_Madgraph_PU20bx25/ntuple_merged_009.root:/topPairEPlusJetsQCDSelectionAnalyser
hadd Target path: TTJets_Madgraph_PU20bx25/ntuple_merged_009.root:/topPairEPlusJetsConversionSelectionAnalyser
hadd Target path: TTJets_Madgraph_PU20bx25/ntuple_merged_009.root:/nTupleTree
hadd Target file: TTJets_Madgraph_PU20bx25/ntuple_merged_010.root
hadd Source file 1: /gpfs_phys/storm/cms/user/ejclemen//TTJets_MSDecaysCKM_central_Tune4C_13TeV-madgraph-tauola/TTJets_Madgraph_PU20bx25/150506_121339//0000/ntuple_9.root
hadd Sources and Target have different compression levels
hadd merging will be slower
hadd Target path: TTJets_Madgraph_PU20bx25/ntuple_merged_010.root:/
hadd Target path: TTJets_Madgraph_PU20bx25/ntuple_merged_010.root:/topPairEPlusJetsSelectionAnalyser
hadd Target path: TTJets_Madgraph_PU20bx25/ntuple_merged_010.root:/topPairMuPlusJetsSelectionAnalyser
hadd Target path: TTJets_Madgraph_PU20bx25/ntuple_merged_010.root:/topPairMuPlusJetsQCDSelectionAnalyser
hadd Target path: TTJets_Madgraph_PU20bx25/ntuple_merged_010.root:/topPairEPlusJetsQCDSelectionAnalyser
hadd Target path: TTJets_Madgraph_PU20bx25/ntuple_merged_010.root:/topPairEPlusJetsConversionSelectionAnalyser
hadd Target path: TTJets_Madgraph_PU20bx25/ntuple_merged_010.root:/nTupleTree
======================================================================================
====================================================================================================
****************************************************************************************************
Executing:
hadd -f7 TTJets_Madgraph_PU20bx25/ntuple_merged_009.root /gpfs_phys/storm/cms/user/ejclemen//TTJets_MSDecaysCKM_central_Tune4C_13TeV-madgraph-tauola/TTJets_Madgraph_PU20bx25/150506_121339//0000/ntuple_53.root /gpfs_phys/storm/cms/user/ejclemen//TTJets_MSDecaysCKM_central_Tune4C_13TeV-madgraph-tauola/TTJets_Madgraph_PU20bx25/150506_121339//0000/ntuple_54.root /gpfs_phys/storm/cms/user/ejclemen//TTJets_MSDecaysCKM_central_Tune4C_13TeV-madgraph-tauola/TTJets_Madgraph_PU20bx25/150506_121339//0000/ntuple_55.root /gpfs_phys/storm/cms/user/ejclemen//TTJets_MSDecaysCKM_central_Tune4C_13TeV-madgraph-tauola/TTJets_Madgraph_PU20bx25/150506_121339//0000/ntuple_56.root /gpfs_phys/storm/cms/user/ejclemen//TTJets_MSDecaysCKM_central_Tune4C_13TeV-madgraph-tauola/TTJets_Madgraph_PU20bx25/150506_121339//0000/ntuple_6.root /gpfs_phys/storm/cms/user/ejclemen//TTJets_MSDecaysCKM_central_Tune4C_13TeV-madgraph-tauola/TTJets_Madgraph_PU20bx25/150506_121339//0000/ntuple_7.root /gpfs_phys/storm/cms/user/ejclemen//TTJets_MSDecaysCKM_central_Tune4C_13TeV-madgraph-tauola/TTJets_Madgraph_PU20bx25/150506_121339//0000/ntuple_8.root 
****************************************************************************************************
====================================================================================================
====================================================================================================
****************************************************************************************************
Executing:
hadd -f7 TTJets_Madgraph_PU20bx25/ntuple_merged_010.root /gpfs_phys/storm/cms/user/ejclemen//TTJets_MSDecaysCKM_central_Tune4C_13TeV-madgraph-tauola/TTJets_Madgraph_PU20bx25/150506_121339//0000/ntuple_9.root 
****************************************************************************************************
====================================================================================================
Running merge for :
TTJets_Madgraph_PU20bx25
/gpfs_phys/storm/cms/user/ejclemen//TTJets_MSDecaysCKM_central_Tune4C_13TeV-madgraph-tauola/TTJets_Madgraph_PU20bx25/150506_121339/
