000 (1936.000.000) 05/07 09:25:43 Job submitted from host: <137.222.171.37:47612>
...
001 (1936.000.000) 05/07 09:25:58 Job executing on host: <10.129.5.106:47289>
...
006 (1936.000.000) 05/07 09:26:06 Image size of job updated: 135932
	34  -  MemoryUsage of job (MB)
	33860  -  ResidentSetSize of job (KB)
...
006 (1936.000.000) 05/07 09:31:06 Image size of job updated: 559024
	219  -  MemoryUsage of job (MB)
	223584  -  ResidentSetSize of job (KB)
...
006 (1936.000.000) 05/07 09:36:07 Image size of job updated: 559024
	219  -  MemoryUsage of job (MB)
	223792  -  ResidentSetSize of job (KB)
...
006 (1936.000.000) 05/07 09:46:08 Image size of job updated: 559024
	219  -  MemoryUsage of job (MB)
	223892  -  ResidentSetSize of job (KB)
...
006 (1936.000.000) 05/07 10:11:10 Image size of job updated: 559188
	228  -  MemoryUsage of job (MB)
	233052  -  ResidentSetSize of job (KB)
...
006 (1936.000.000) 05/07 10:56:15 Image size of job updated: 559188
	229  -  MemoryUsage of job (MB)
	234388  -  ResidentSetSize of job (KB)
...
006 (1936.000.000) 05/07 11:36:19 Image size of job updated: 559204
	230  -  MemoryUsage of job (MB)
	234920  -  ResidentSetSize of job (KB)
...
006 (1936.000.000) 05/07 12:46:26 Image size of job updated: 559268
	230  -  MemoryUsage of job (MB)
	234920  -  ResidentSetSize of job (KB)
...
005 (1936.000.000) 05/07 13:03:25 Job terminated.
	(1) Normal termination (return value 0)
		Usr 0 02:58:14, Sys 0 00:03:02  -  Run Remote Usage
		Usr 0 00:00:00, Sys 0 00:00:00  -  Run Local Usage
		Usr 0 02:58:14, Sys 0 00:03:02  -  Total Remote Usage
		Usr 0 00:00:00, Sys 0 00:00:00  -  Total Local Usage
	37302  -  Run Bytes Sent By Job
	10195  -  Run Bytes Received By Job
	37302  -  Total Bytes Sent By Job
	10195  -  Total Bytes Received By Job
	Partitionable Resources :    Usage  Request Allocated
	   Cpus                 :                 1         1
	   Disk (KB)            : 43026104       15  16783482
	   Memory (MB)          :      230      250       250
...
